setting 'ivy.default.settings.dir' to 'jar:file:/usr/local/bin/sbt-launcher.jar!/org/apache/ivy/core/settings'
setting 'ivy.basedir' to '/home/mkhedhri/achref/.'
setting 'ivy.default.conf.dir' to 'jar:file:/usr/local/bin/sbt-launcher.jar!/org/apache/ivy/core/settings'
impossible to define new type: class not found: org.apache.ivy.plugins.trigger.LogTrigger in [] nor Ivy classloader
impossible to define new type: class not found: org.apache.ivy.plugins.resolver.VsftpResolver in [] nor Ivy classloader
impossible to define new type: class not found: org.apache.ivy.plugins.conflict.RegexpConflictManager in [] nor Ivy classloader
impossible to define new type: class not found: org.apache.ivy.plugins.resolver.SshResolver in [] nor Ivy classloader
impossible to define new type: class not found: org.apache.ivy.plugins.resolver.VfsResolver in [] nor Ivy classloader
impossible to define new type: class not found: org.apache.ivy.plugins.resolver.SFTPResolver in [] nor Ivy classloader
impossible to define new type: class not found: org.apache.ivy.plugins.resolver.packager.PackagerResolver in [] nor Ivy classloader
impossible to define new type: class not found: org.apache.ivy.ant.AntCallTrigger in [] nor Ivy classloader
impossible to define new type: class not found: org.apache.ivy.plugins.resolver.IvyRepResolver in [] nor Ivy classloader
impossible to define new type: class not found: org.apache.ivy.ant.AntBuildTrigger in [] nor Ivy classloader
impossible to define glob matcher: org.apache.ivy.plugins.matcher.GlobPatternMatcher was not found.
setting 'java.runtime.name' to 'Java(TM) SE Runtime Environment'
setting 'sun.boot.library.path' to '/usr/lib/jvm/jdk1.6.0_30/jre/lib/amd64'
setting 'java.vm.version' to '20.5-b03'
setting 'java.vm.vendor' to 'Sun Microsystems Inc.'
setting 'java.vendor.url' to 'http://java.sun.com/'
setting 'path.separator' to ':'
setting 'java.vm.name' to 'Java HotSpot(TM) 64-Bit Server VM'
setting 'file.encoding.pkg' to 'sun.io'
setting 'sun.java.launcher' to 'SUN_STANDARD'
setting 'user.country' to 'US'
setting 'sun.os.patch.level' to 'unknown'
setting 'java.vm.specification.name' to 'Java Virtual Machine Specification'
setting 'user.dir' to '/home/mkhedhri/achref'
setting 'java.runtime.version' to '1.6.0_30-b12'
setting 'java.awt.graphicsenv' to 'sun.awt.X11GraphicsEnvironment'
setting 'java.endorsed.dirs' to '/usr/lib/jvm/jdk1.6.0_30/jre/lib/endorsed'
setting 'os.arch' to 'amd64'
setting 'java.io.tmpdir' to '/tmp'
setting 'line.separator' to '
'
setting 'java.vm.specification.vendor' to 'Sun Microsystems Inc.'
setting 'os.name' to 'Linux'
setting 'sun.jnu.encoding' to 'UTF-8'
setting 'java.library.path' to '/usr/lib/jvm/jdk1.6.0_30/jre/lib/amd64/server:/usr/lib/jvm/jdk1.6.0_30/jre/lib/amd64:/usr/lib/jvm/jdk1.6.0_30/jre/../lib/amd64:/usr/java/packages/lib/amd64:/usr/lib64:/lib64:/lib:/usr/lib'
setting 'sbt.boot' to 'true'
setting 'java.specification.name' to 'Java Platform API Specification'
setting 'java.class.version' to '50.0'
setting 'sun.management.compiler' to 'HotSpot 64-Bit Tiered Compilers'
setting 'os.version' to '3.2.0-23-generic'
setting 'user.home' to '/home/mkhedhri'
setting 'user.timezone' to 'America/Los_Angeles'
setting 'scala.home' to '/home/mkhedhri/achref/project/boot/scala-2.7.7'
setting 'java.awt.printerjob' to 'sun.print.PSPrinterJob'
setting 'file.encoding' to 'UTF-8'
setting 'java.specification.version' to '1.6'
setting 'java.class.path' to '/usr/local/bin/sbt-launcher.jar'
setting 'user.name' to 'mkhedhri'
setting 'java.vm.specification.version' to '1.0'
setting 'sun.java.command' to '/usr/local/bin/sbt-launcher.jar'
setting 'java.home' to '/usr/lib/jvm/jdk1.6.0_30/jre'
setting 'sun.arch.data.model' to '64'
setting 'user.language' to 'en'
setting 'java.specification.vendor' to 'Sun Microsystems Inc.'
setting 'java.vm.info' to 'mixed mode'
setting 'java.version' to '1.6.0_30'
setting 'java.ext.dirs' to '/usr/lib/jvm/jdk1.6.0_30/jre/lib/ext:/usr/java/packages/lib/ext'
setting 'sun.boot.class.path' to '/usr/lib/jvm/jdk1.6.0_30/jre/lib/resources.jar:/usr/lib/jvm/jdk1.6.0_30/jre/lib/rt.jar:/usr/lib/jvm/jdk1.6.0_30/jre/lib/sunrsasign.jar:/usr/lib/jvm/jdk1.6.0_30/jre/lib/jsse.jar:/usr/lib/jvm/jdk1.6.0_30/jre/lib/jce.jar:/usr/lib/jvm/jdk1.6.0_30/jre/lib/charsets.jar:/usr/lib/jvm/jdk1.6.0_30/jre/lib/modules/jdk.boot.jar:/usr/lib/jvm/jdk1.6.0_30/jre/classes'
setting 'java.vendor' to 'Sun Microsystems Inc.'
setting 'file.separator' to '/'
setting 'java.vendor.url.bug' to 'http://java.sun.com/cgi-bin/bugreport.cgi'
setting 'sun.io.unicode.encoding' to 'UnicodeLittle'
setting 'sun.cpu.endian' to 'little'
setting 'sun.desktop' to 'gnome'
setting 'sun.cpu.isalist' to ''
setting 'ivy.default.ivy.user.dir' to '/home/mkhedhri/.ivy2'
setting 'ivy.home' to '/home/mkhedhri/.ivy2'
no default ivy user dir defined: set to /home/mkhedhri/.ivy2
setting 'ivy.cache.dir' to '/home/mkhedhri/.ivy2/cache'
no default cache defined: set to /home/mkhedhri/.ivy2/cache
setting 'ivy.basedir' to '/home/mkhedhri/achref/project/boot/scala-2.7.7'
setting 'basedir' to '/home/mkhedhri/achref/project/boot/scala-2.7.7'
:: resolving dependencies :: sbt#boot;1.0
	confs: [default]
	validate = true
	refresh = false
resolving dependencies for configuration 'default'
== resolving dependencies for sbt#boot;1.0 [default]
loadData of sbt#boot;1.0 of rootConf=default
== resolving dependencies sbt#boot;1.0->org.scala-lang#scala-compiler;2.7.7 [default->default]
loadData of org.scala-lang#scala-compiler;2.7.7 of rootConf=default
	using redefined-public to resolve org.scala-lang#scala-compiler;2.7.7
redefined-public: Checking cache for: dependency: org.scala-lang#scala-compiler;2.7.7 {default=[default]}
redefined-public: no namespace defined: using system
No entry is found in the ModuleDescriptorCache : /home/mkhedhri/.ivy2/cache/org.scala-lang/scala-compiler/ivy-2.7.7.xml
installing class org.apache.ivy.util.url.IvyAuthenticator
pre 1.3 ivy file: using exactOrRegexp as default matcher
	found ivy file in cache for org.scala-lang#scala-compiler;2.7.7 (resolved by Maven Central): /home/mkhedhri/.ivy2/cache/org.scala-lang/scala-compiler/ivy-2.7.7.xml
redefined-public: module revision found in cache: org.scala-lang#scala-compiler;2.7.7
redefined-public: no latest strategy defined: using default
	found org.scala-lang#scala-compiler;2.7.7 in Maven Central
== resolving dependencies sbt#boot;1.0->org.scala-lang#scala-compiler;2.7.7 [default->runtime]
loadData of org.scala-lang#scala-compiler;2.7.7 of rootConf=default
== resolving dependencies sbt#boot;1.0->org.scala-lang#scala-compiler;2.7.7 [default->compile]
loadData of org.scala-lang#scala-compiler;2.7.7 of rootConf=default
== resolving dependencies org.scala-lang#scala-compiler;2.7.7->org.scala-lang#scala-library;2.7.7 [compile->master(*)]
loadData of org.scala-lang#scala-library;2.7.7 of rootConf=default
	using redefined-public to resolve org.scala-lang#scala-library;2.7.7
redefined-public: Checking cache for: dependency: org.scala-lang#scala-library;2.7.7 {compile=[compile(*), master(*)], runtime=[runtime(*)]}
No entry is found in the ModuleDescriptorCache : /home/mkhedhri/.ivy2/cache/org.scala-lang/scala-library/ivy-2.7.7.xml
pre 1.3 ivy file: using exactOrRegexp as default matcher
	found ivy file in cache for org.scala-lang#scala-library;2.7.7 (resolved by Maven Central): /home/mkhedhri/.ivy2/cache/org.scala-lang/scala-library/ivy-2.7.7.xml
redefined-public: module revision found in cache: org.scala-lang#scala-library;2.7.7
	found org.scala-lang#scala-library;2.7.7 in Maven Central
== resolving dependencies org.scala-lang#scala-compiler;2.7.7->org.scala-lang#scala-library;2.7.7 [compile->compile(*)]
loadData of org.scala-lang#scala-library;2.7.7 of rootConf=default
== resolving dependencies org.scala-lang#scala-compiler;2.7.7->org.scala-lang#scala-library;2.7.7 [compile->default]
loadData of org.scala-lang#scala-library;2.7.7 of rootConf=default
== resolving dependencies org.scala-lang#scala-compiler;2.7.7->org.scala-lang#scala-library;2.7.7 [compile->runtime]
loadData of org.scala-lang#scala-library;2.7.7 of rootConf=default
== resolving dependencies org.scala-lang#scala-compiler;2.7.7->org.scala-lang#scala-library;2.7.7 [compile->compile]
loadData of org.scala-lang#scala-library;2.7.7 of rootConf=default
== resolving dependencies org.scala-lang#scala-compiler;2.7.7->org.scala-lang#scala-library;2.7.7 [compile->master]
loadData of org.scala-lang#scala-library;2.7.7 of rootConf=default
== resolving dependencies org.scala-lang#scala-compiler;2.7.7->org.scala-lang#scala-library;2.7.7 [runtime->runtime(*)]
loadData of org.scala-lang#scala-library;2.7.7 of rootConf=default
== resolving dependencies org.scala-lang#scala-compiler;2.7.7->org.scala-lang#scala-library;2.7.7 [runtime->compile]
loadData of org.scala-lang#scala-library;2.7.7 of rootConf=default
default is loaded and no conf to load.  Skip loading
== resolving dependencies sbt#boot;1.0->org.scala-lang#scala-compiler;2.7.7 [default->master]
loadData of org.scala-lang#scala-compiler;2.7.7 of rootConf=default
== resolving dependencies sbt#boot;1.0->org.scala-lang#scala-library;2.7.7 [default->default]
loadData of org.scala-lang#scala-library;2.7.7 of rootConf=default
default is loaded and no conf to load.  Skip loading
== resolving dependencies sbt#boot;1.0->org.scala-lang#scala-library;2.7.7 [default->runtime]
loadData of org.scala-lang#scala-library;2.7.7 of rootConf=default
default is loaded and no conf to load.  Skip loading
== resolving dependencies sbt#boot;1.0->org.scala-lang#scala-library;2.7.7 [default->compile]
loadData of org.scala-lang#scala-library;2.7.7 of rootConf=default
default is loaded and no conf to load.  Skip loading
== resolving dependencies sbt#boot;1.0->org.scala-lang#scala-library;2.7.7 [default->master]
loadData of org.scala-lang#scala-library;2.7.7 of rootConf=default
default is loaded and no conf to load.  Skip loading
Nbr of module to sort : 2
Sort dependencies of : org.scala-lang#scala-compiler;2.7.7 / Number of dependencies = 1
Sort dependencies of : org.scala-lang#scala-library;2.7.7 / Number of dependencies = 0
Sort done for : org.scala-lang#scala-library;2.7.7
Sort done for : org.scala-lang#scala-compiler;2.7.7
Module descriptor is processed : org.scala-lang#scala-library;2.7.7
	resolved ivy file produced in /home/mkhedhri/.ivy2/cache/resolved-sbt-boot-1.0.xml
:: downloading artifacts ::
	[NOT REQUIRED] org.scala-lang#scala-compiler;2.7.7!scala-compiler.jar
	[NOT REQUIRED] org.scala-lang#scala-library;2.7.7!scala-library.jar
:: resolution report :: resolve 194ms :: artifacts dl 3ms
Nbr of module to sort : 2
Sort dependencies of : org.scala-lang#scala-compiler;2.7.7 / Number of dependencies = 1
Sort dependencies of : org.scala-lang#scala-library;2.7.7 / Number of dependencies = 0
Sort done for : org.scala-lang#scala-library;2.7.7
Sort done for : org.scala-lang#scala-compiler;2.7.7
Module descriptor is processed : org.scala-lang#scala-library;2.7.7
	report for sbt#boot;1.0 default produced in /home/mkhedhri/.ivy2/cache/sbt-boot-default.xml
	resolve done (194ms resolve - 3ms download)
:: retrieving :: sbt#boot
	checkUpToDate=true
no explicit confs given for retrieve, using ivy file: /home/mkhedhri/.ivy2/cache/resolved-sbt-boot-1.0.xml
using ivy parser to parse /home/mkhedhri/.ivy2/cache/resolved-sbt-boot-1.0.xml
pre 1.3 ivy file: using exactOrRegexp as default matcher
	confs: [default]
	retrieving /home/mkhedhri/.ivy2/cache/org.scala-lang/scala-compiler/jars/scala-compiler-2.7.7.jar
		to /home/mkhedhri/achref/project/boot/scala-2.7.7/lib/scala-compiler.jar
	retrieving /home/mkhedhri/.ivy2/cache/org.scala-lang/scala-library/jars/scala-library-2.7.7.jar
		to /home/mkhedhri/achref/project/boot/scala-2.7.7/lib/scala-library.jar
	2 artifacts copied, 0 already retrieved (9911kB/32ms)
	retrieve done (32ms)
setting 'ivy.default.settings.dir' to 'jar:file:/usr/local/bin/sbt-launcher.jar!/org/apache/ivy/core/settings'
setting 'ivy.basedir' to '/home/mkhedhri/achref/.'
setting 'ivy.default.conf.dir' to 'jar:file:/usr/local/bin/sbt-launcher.jar!/org/apache/ivy/core/settings'
impossible to define new type: class not found: org.apache.ivy.plugins.trigger.LogTrigger in [] nor Ivy classloader
impossible to define new type: class not found: org.apache.ivy.plugins.resolver.VsftpResolver in [] nor Ivy classloader
impossible to define new type: class not found: org.apache.ivy.plugins.conflict.RegexpConflictManager in [] nor Ivy classloader
impossible to define new type: class not found: org.apache.ivy.plugins.resolver.SshResolver in [] nor Ivy classloader
impossible to define new type: class not found: org.apache.ivy.plugins.resolver.VfsResolver in [] nor Ivy classloader
impossible to define new type: class not found: org.apache.ivy.plugins.resolver.SFTPResolver in [] nor Ivy classloader
impossible to define new type: class not found: org.apache.ivy.plugins.resolver.packager.PackagerResolver in [] nor Ivy classloader
impossible to define new type: class not found: org.apache.ivy.ant.AntCallTrigger in [] nor Ivy classloader
impossible to define new type: class not found: org.apache.ivy.plugins.resolver.IvyRepResolver in [] nor Ivy classloader
impossible to define new type: class not found: org.apache.ivy.ant.AntBuildTrigger in [] nor Ivy classloader
impossible to define glob matcher: org.apache.ivy.plugins.matcher.GlobPatternMatcher was not found.
setting 'java.runtime.name' to 'Java(TM) SE Runtime Environment'
setting 'sun.boot.library.path' to '/usr/lib/jvm/jdk1.6.0_30/jre/lib/amd64'
setting 'java.vm.version' to '20.5-b03'
setting 'java.vm.vendor' to 'Sun Microsystems Inc.'
setting 'java.vendor.url' to 'http://java.sun.com/'
setting 'path.separator' to ':'
setting 'java.vm.name' to 'Java HotSpot(TM) 64-Bit Server VM'
setting 'file.encoding.pkg' to 'sun.io'
setting 'sun.java.launcher' to 'SUN_STANDARD'
setting 'user.country' to 'US'
setting 'sun.os.patch.level' to 'unknown'
setting 'java.vm.specification.name' to 'Java Virtual Machine Specification'
setting 'user.dir' to '/home/mkhedhri/achref'
setting 'java.runtime.version' to '1.6.0_30-b12'
setting 'java.awt.graphicsenv' to 'sun.awt.X11GraphicsEnvironment'
setting 'java.endorsed.dirs' to '/usr/lib/jvm/jdk1.6.0_30/jre/lib/endorsed'
setting 'os.arch' to 'amd64'
setting 'java.io.tmpdir' to '/tmp'
setting 'line.separator' to '
'
setting 'java.vm.specification.vendor' to 'Sun Microsystems Inc.'
setting 'os.name' to 'Linux'
setting 'sun.jnu.encoding' to 'UTF-8'
setting 'java.library.path' to '/usr/lib/jvm/jdk1.6.0_30/jre/lib/amd64/server:/usr/lib/jvm/jdk1.6.0_30/jre/lib/amd64:/usr/lib/jvm/jdk1.6.0_30/jre/../lib/amd64:/usr/java/packages/lib/amd64:/usr/lib64:/lib64:/lib:/usr/lib'
setting 'sbt.boot' to 'true'
setting 'java.specification.name' to 'Java Platform API Specification'
setting 'java.class.version' to '50.0'
setting 'sun.management.compiler' to 'HotSpot 64-Bit Tiered Compilers'
setting 'os.version' to '3.2.0-23-generic'
setting 'user.home' to '/home/mkhedhri'
setting 'user.timezone' to 'America/Los_Angeles'
setting 'scala.home' to '/home/mkhedhri/achref/project/boot/scala-2.7.7'
setting 'java.awt.printerjob' to 'sun.print.PSPrinterJob'
setting 'file.encoding' to 'UTF-8'
setting 'java.specification.version' to '1.6'
setting 'java.class.path' to '/usr/local/bin/sbt-launcher.jar'
setting 'user.name' to 'mkhedhri'
setting 'java.vm.specification.version' to '1.0'
setting 'sun.java.command' to '/usr/local/bin/sbt-launcher.jar'
setting 'java.home' to '/usr/lib/jvm/jdk1.6.0_30/jre'
setting 'sun.arch.data.model' to '64'
setting 'user.language' to 'en'
setting 'java.specification.vendor' to 'Sun Microsystems Inc.'
setting 'java.vm.info' to 'mixed mode'
setting 'java.version' to '1.6.0_30'
setting 'java.ext.dirs' to '/usr/lib/jvm/jdk1.6.0_30/jre/lib/ext:/usr/java/packages/lib/ext'
setting 'sun.boot.class.path' to '/usr/lib/jvm/jdk1.6.0_30/jre/lib/resources.jar:/usr/lib/jvm/jdk1.6.0_30/jre/lib/rt.jar:/usr/lib/jvm/jdk1.6.0_30/jre/lib/sunrsasign.jar:/usr/lib/jvm/jdk1.6.0_30/jre/lib/jsse.jar:/usr/lib/jvm/jdk1.6.0_30/jre/lib/jce.jar:/usr/lib/jvm/jdk1.6.0_30/jre/lib/charsets.jar:/usr/lib/jvm/jdk1.6.0_30/jre/lib/modules/jdk.boot.jar:/usr/lib/jvm/jdk1.6.0_30/jre/classes'
setting 'java.vendor' to 'Sun Microsystems Inc.'
setting 'file.separator' to '/'
setting 'java.vendor.url.bug' to 'http://java.sun.com/cgi-bin/bugreport.cgi'
setting 'sun.io.unicode.encoding' to 'UnicodeLittle'
setting 'sun.cpu.endian' to 'little'
setting 'sun.desktop' to 'gnome'
setting 'sun.cpu.isalist' to ''
setting 'ivy.default.ivy.user.dir' to '/home/mkhedhri/.ivy2'
setting 'ivy.home' to '/home/mkhedhri/.ivy2'
no default ivy user dir defined: set to /home/mkhedhri/.ivy2
setting 'ivy.cache.dir' to '/home/mkhedhri/.ivy2/cache'
no default cache defined: set to /home/mkhedhri/.ivy2/cache
setting 'ivy.basedir' to '/home/mkhedhri/achref/project/boot/scala-2.7.7'
setting 'basedir' to '/home/mkhedhri/achref/project/boot/scala-2.7.7'
:: resolving dependencies :: sbt#boot;1.0
	confs: [default]
	validate = true
	refresh = false
resolving dependencies for configuration 'default'
== resolving dependencies for sbt#boot;1.0 [default]
loadData of sbt#boot;1.0 of rootConf=default
== resolving dependencies sbt#boot;1.0->sbt#simple-build-tool;0.5.6 [default->2.7.7]
loadData of sbt#simple-build-tool;0.5.6 of rootConf=default
	using redefined-public to resolve sbt#simple-build-tool;0.5.6
redefined-public: Checking cache for: dependency: sbt#simple-build-tool;0.5.6 {default=[2.7.7]}
redefined-public: no namespace defined: using system
No entry is found in the ModuleDescriptorCache : /home/mkhedhri/.ivy2/cache/sbt/simple-build-tool/ivy-0.5.6.xml
pre 1.3 ivy file: using exactOrRegexp as default matcher
	found ivy file in cache for sbt#simple-build-tool;0.5.6 (resolved by Sbt Repository): /home/mkhedhri/.ivy2/cache/sbt/simple-build-tool/ivy-0.5.6.xml
redefined-public: module revision found in cache: sbt#simple-build-tool;0.5.6
redefined-public: no latest strategy defined: using default
	found sbt#simple-build-tool;0.5.6 in Sbt Repository
== resolving dependencies sbt#boot;1.0->sbt#simple-build-tool;0.5.6 [default->base]
loadData of sbt#simple-build-tool;0.5.6 of rootConf=default
== resolving dependencies sbt#simple-build-tool;0.5.6->org.apache.ivy#ivy;2.0.0 [base->default]
loadData of org.apache.ivy#ivy;2.0.0 of rootConf=default
	using redefined-public to resolve org.apache.ivy#ivy;2.0.0
redefined-public: Checking cache for: dependency: org.apache.ivy#ivy;2.0.0 {base=[default]}
No entry is found in the ModuleDescriptorCache : /home/mkhedhri/.ivy2/cache/org.apache.ivy/ivy/ivy-2.0.0.xml
pre 1.3 ivy file: using exactOrRegexp as default matcher
	found ivy file in cache for org.apache.ivy#ivy;2.0.0 (resolved by Maven Central): /home/mkhedhri/.ivy2/cache/org.apache.ivy/ivy/ivy-2.0.0.xml
redefined-public: module revision found in cache: org.apache.ivy#ivy;2.0.0
	found org.apache.ivy#ivy;2.0.0 in Maven Central
== resolving dependencies sbt#simple-build-tool;0.5.6->org.apache.ivy#ivy;2.0.0 [base->runtime]
loadData of org.apache.ivy#ivy;2.0.0 of rootConf=default
== resolving dependencies sbt#simple-build-tool;0.5.6->org.apache.ivy#ivy;2.0.0 [base->compile]
loadData of org.apache.ivy#ivy;2.0.0 of rootConf=default
== resolving dependencies sbt#simple-build-tool;0.5.6->org.apache.ivy#ivy;2.0.0 [base->master]
loadData of org.apache.ivy#ivy;2.0.0 of rootConf=default
== resolving dependencies sbt#simple-build-tool;0.5.6->com.jcraft#jsch;0.1.31 [base->default]
loadData of com.jcraft#jsch;0.1.31 of rootConf=default
	using redefined-public to resolve com.jcraft#jsch;0.1.31
redefined-public: Checking cache for: dependency: com.jcraft#jsch;0.1.31 {base=[default]}
No entry is found in the ModuleDescriptorCache : /home/mkhedhri/.ivy2/cache/com.jcraft/jsch/ivy-0.1.31.xml
post 1.3 ivy file: using exact as default matcher
	found ivy file in cache for com.jcraft#jsch;0.1.31 (resolved by redefined-public): /home/mkhedhri/.ivy2/cache/com.jcraft/jsch/ivy-0.1.31.xml
redefined-public: module revision found in cache: com.jcraft#jsch;0.1.31
	found com.jcraft#jsch;0.1.31 in redefined-public
== resolving dependencies sbt#simple-build-tool;0.5.6->com.jcraft#jsch;0.1.31 [base->runtime]
loadData of com.jcraft#jsch;0.1.31 of rootConf=default
== resolving dependencies sbt#simple-build-tool;0.5.6->com.jcraft#jsch;0.1.31 [base->compile]
loadData of com.jcraft#jsch;0.1.31 of rootConf=default
== resolving dependencies sbt#simple-build-tool;0.5.6->com.jcraft#jsch;0.1.31 [base->master]
loadData of com.jcraft#jsch;0.1.31 of rootConf=default
Nbr of module to sort : 3
Sort dependencies of : sbt#simple-build-tool;0.5.6 / Number of dependencies = 2
Sort dependencies of : org.apache.ivy#ivy;2.0.0 / Number of dependencies = 13
Sort dependencies of : com.jcraft#jsch;0.1.31 / Number of dependencies = 1
Sort done for : com.jcraft#jsch;0.1.31
Sort done for : org.apache.ivy#ivy;2.0.0
Module descriptor is processed : com.jcraft#jsch;0.1.31
Sort done for : sbt#simple-build-tool;0.5.6
Module descriptor is processed : org.apache.ivy#ivy;2.0.0
Module descriptor is processed : com.jcraft#jsch;0.1.31
	resolved ivy file produced in /home/mkhedhri/.ivy2/cache/resolved-sbt-boot-1.0.xml
:: downloading artifacts ::
	[NOT REQUIRED] sbt#simple-build-tool;0.5.6!sbt_2.7.7.jar
	[NOT REQUIRED] org.apache.ivy#ivy;2.0.0!ivy.jar
	[NOT REQUIRED] com.jcraft#jsch;0.1.31!jsch.jar
:: resolution report :: resolve 136ms :: artifacts dl 9ms
Nbr of module to sort : 3
Sort dependencies of : sbt#simple-build-tool;0.5.6 / Number of dependencies = 2
Sort dependencies of : org.apache.ivy#ivy;2.0.0 / Number of dependencies = 13
Sort dependencies of : com.jcraft#jsch;0.1.31 / Number of dependencies = 1
Sort done for : com.jcraft#jsch;0.1.31
Sort done for : org.apache.ivy#ivy;2.0.0
Module descriptor is processed : com.jcraft#jsch;0.1.31
Sort done for : sbt#simple-build-tool;0.5.6
Module descriptor is processed : org.apache.ivy#ivy;2.0.0
Module descriptor is processed : com.jcraft#jsch;0.1.31
	report for sbt#boot;1.0 default produced in /home/mkhedhri/.ivy2/cache/sbt-boot-default.xml
	resolve done (136ms resolve - 9ms download)
:: retrieving :: sbt#boot
	checkUpToDate=true
no explicit confs given for retrieve, using ivy file: /home/mkhedhri/.ivy2/cache/resolved-sbt-boot-1.0.xml
using ivy parser to parse /home/mkhedhri/.ivy2/cache/resolved-sbt-boot-1.0.xml
pre 1.3 ivy file: using exactOrRegexp as default matcher
	confs: [default]
	retrieving /home/mkhedhri/.ivy2/cache/com.jcraft/jsch/jars/jsch-0.1.31.jar
		to /home/mkhedhri/achref/project/boot/scala-2.7.7/sbt-0.5.6/jsch-0.1.31.jar
	retrieving /home/mkhedhri/.ivy2/cache/org.apache.ivy/ivy/jars/ivy-2.0.0.jar
		to /home/mkhedhri/achref/project/boot/scala-2.7.7/sbt-0.5.6/ivy-2.0.0.jar
	retrieving /home/mkhedhri/.ivy2/cache/sbt/simple-build-tool/jars/sbt_2.7.7-0.5.6.jar
		to /home/mkhedhri/achref/project/boot/scala-2.7.7/sbt-0.5.6/sbt_2.7.7-0.5.6.jar
	3 artifacts copied, 0 already retrieved (3409kB/21ms)
	retrieve done (21ms)
